[INFO] [2022-06-12 21:59:57,718] Login - Step 01: Navigate to Login page
[INFO] [2022-06-12 21:59:58,394] Login - Step 01: Enter to email textbox with value is 'afc8101@gmail.vn'
[INFO] [2022-06-12 21:59:58,448] Login - Step 02: Enter to password textbox with value is '123456'
[INFO] [2022-06-12 21:59:58,513] Login - Step 03: Click to Login button
[INFO] [2022-06-12 21:59:58,976] Login - Step 04: Verify 'My Account' link is displayed
[INFO] [2022-06-12 22:00:09,034] Register - Step 01: Navigate to Register page
[INFO] [2022-06-12 22:00:09,610] Register - Step 02: Enter to Firstname textbox with value is 'Automation'
[INFO] [2022-06-12 22:00:09,722] Register - Step 03: Enter to Lastname textbox with value is 'FC'
[INFO] [2022-06-12 22:00:09,811] Register - Step 04: Enter to email textbox with value is 'afc8101@gmail.vn'
[INFO] [2022-06-12 22:00:09,912] Register - Step 05: Enter to password textbox with value is '123456'
[INFO] [2022-06-12 22:00:09,998] Register - Step 06: Enter to confirm password textbox with value is '123456'
[INFO] [2022-06-12 22:00:10,075] Register - Step 07: Click to Register button
[INFO] [2022-06-12 22:00:10,926] Register - Step 08: Verify register success message is displayed
[INFO] [2022-06-12 22:00:10,987] Register - Step 09: Click to Logout link
[INFO ] [2022-06-12 22:22:21,412] Login - Step 01: Navigate to Login page
[INFO ] [2022-06-12 22:22:22,009] Login - Step 01: Enter to email textbox with value is 'afc6557@gmail.vn'
[INFO ] [2022-06-12 22:22:22,071] Login - Step 02: Enter to password textbox with value is '123456'
[INFO ] [2022-06-12 22:22:22,134] Login - Step 03: Click to Login button
[INFO ] [2022-06-12 22:22:22,619] Login - Step 04: Verify 'My Account' link is displayed
[INFO ] [2022-06-12 22:22:29,389] Register - Step 01: Navigate to Register page
[INFO ] [2022-06-12 22:31:34,163] Login - Step 01: Navigate to Login page
[INFO ] [2022-06-12 22:31:34,806] Login - Step 01: Enter to email textbox with value is 'afc5543@gmail.vn'
[INFO ] [2022-06-12 22:31:34,874] Login - Step 02: Enter to password textbox with value is '123456'
[INFO ] [2022-06-12 22:31:34,938] Login - Step 03: Click to Login button
[INFO ] [2022-06-12 22:31:35,419] Login - Step 04: Verify 'My Account' link is displayed
[INFO ] [2022-06-12 22:31:45,453] Register - Step 01: Navigate to Register page
[INFO ] [2022-06-12 22:31:46,014] Register - Step 02: Enter to Firstname textbox with value is 'Automation'
[INFO ] [2022-06-12 22:31:46,109] Register - Step 03: Enter to Lastname textbox with value is 'FC'
[INFO ] [2022-06-12 22:31:46,199] Register - Step 04: Enter to email textbox with value is 'afc5543@gmail.vn'
[INFO ] [2022-06-12 22:31:46,297] Register - Step 05: Enter to password textbox with value is '123456'
[INFO ] [2022-06-12 22:31:46,389] Register - Step 06: Enter to confirm password textbox with value is '123456'
[INFO ] [2022-06-12 22:31:46,475] Register - Step 07: Click to Register button
[INFO ] [2022-06-12 22:31:47,336] Register - Step 08: Verify register success message is displayed
[INFO ] [2022-06-12 22:31:47,415] Register - Step 09: Click to Logout link
[2022-06-12 22:33:44,125] Login - Step 01: Navigate to Login page
[2022-06-12 22:33:44,831] Login - Step 01: Enter to email textbox with value is 'afc1630@gmail.vn'
[2022-06-12 22:33:44,909] Login - Step 02: Enter to password textbox with value is '123456'
[2022-06-12 22:33:44,977] Login - Step 03: Click to Login button
[2022-06-12 22:33:45,829] Login - Step 04: Verify 'My Account' link is displayed
[2022-06-12 22:33:55,866] Register - Step 01: Navigate to Register page
[2022-06-12 22:33:56,483] Register - Step 02: Enter to Firstname textbox with value is 'Automation'
[2022-06-12 22:33:56,610] Register - Step 03: Enter to Lastname textbox with value is 'FC'
[2022-06-12 22:33:56,699] Register - Step 04: Enter to email textbox with value is 'afc1630@gmail.vn'
[2022-06-12 22:33:56,790] Register - Step 05: Enter to password textbox with value is '123456'
[2022-06-12 22:33:56,888] Register - Step 06: Enter to confirm password textbox with value is '123456'
[2022-06-12 22:33:56,974] Register - Step 07: Click to Register button
[2022-06-12 22:33:57,887] Register - Step 08: Verify register success message is displayed
[2022-06-12 22:33:57,962]  -------------------------- PASSED -------------------------- 
[2022-06-12 22:33:57,962] Register - Step 09: Click to Logout link
[2022-06-12 22:51:21,191] Login - Step 01: Navigate to Login page
[2022-06-12 22:51:21,862] Login - Step 01: Enter to email textbox with value is 'afc7474@gmail.vn'
[2022-06-12 22:51:21,925] Login - Step 02: Enter to password textbox with value is '123456'
[2022-06-12 22:51:21,991] Login - Step 03: Click to Login button
[2022-06-12 22:51:22,500] Login - Step 04: Verify 'My Account' link is displayed
[2022-06-12 22:51:32,539] Register - Step 01: Navigate to Register page
[2022-06-12 22:51:33,114] Register - Step 02: Enter to Firstname textbox with value is 'Automation'
[2022-06-12 22:51:33,214] Register - Step 03: Enter to Lastname textbox with value is 'FC'
[2022-06-12 22:51:33,309] Register - Step 04: Enter to email textbox with value is 'afc7474@gmail.vn'
[2022-06-12 22:51:33,403] Register - Step 05: Enter to password textbox with value is '123456'
[2022-06-12 22:51:33,491] Register - Step 06: Enter to confirm password textbox with value is '123456'
[2022-06-12 22:51:33,582] Register - Step 07: Click to Register button
[2022-06-12 22:51:34,477] Register - Step 08: Verify register success message is displayed
[2022-06-12 22:51:34,528]  -------------------------- PASSED -------------------------- 
[2022-06-12 22:51:34,528] Register - Step 09: Click to Logout link
[2022-06-12 22:54:59,836] Login - Step 01: Navigate to Login page
[2022-06-12 22:55:00,450] Login - Step 01: Enter to email textbox with value is 'afc2060@gmail.vn'
[2022-06-12 22:55:00,515] Login - Step 02: Enter to password textbox with value is '123456'
[2022-06-12 22:55:00,579] Login - Step 03: Click to Login button
[2022-06-12 22:55:01,096] Login - Step 04: Verify 'My Account' link is displayed
[2022-06-12 22:55:11,139] Register - Step 01: Navigate to Register page
[2022-06-12 22:55:11,753] Register - Step 02: Enter to Firstname textbox with value is 'Automation'
[2022-06-12 22:55:11,847] Register - Step 03: Enter to Lastname textbox with value is 'FC'
[2022-06-12 22:55:11,936] Register - Step 04: Enter to email textbox with value is 'afc2060@gmail.vn'
[2022-06-12 22:55:12,055] Register - Step 05: Enter to password textbox with value is '123456'
[2022-06-12 22:55:12,137] Register - Step 06: Enter to confirm password textbox with value is '123456'
[2022-06-12 22:55:12,232] Register - Step 07: Click to Register button
[2022-06-12 22:55:13,100] Register - Step 08: Verify register success message is displayed
[2022-06-12 22:55:13,154]  -------------------------- PASSED -------------------------- 
[2022-06-12 22:55:13,155] Register - Step 09: Click to Logout link
[2022-06-12 23:05:06,003] Login - Step 01: Navigate to Login page
[2022-06-12 23:05:06,765] Login - Step 01: Enter to email textbox with value is 'afc3067@gmail.vn'
[2022-06-12 23:05:06,891] Login - Step 02: Enter to password textbox with value is '123456'
[2022-06-12 23:05:06,962] Login - Step 03: Click to Login button
[2022-06-12 23:05:07,434] Login - Step 04: Verify 'My Account' link is displayed
[2022-06-12 23:05:17,477] Register - Step 01: Navigate to Register page
[2022-06-12 23:05:18,041] Register - Step 02: Enter to Firstname textbox with value is 'Automation'
[2022-06-12 23:05:18,144] Register - Step 03: Enter to Lastname textbox with value is 'FC'
[2022-06-12 23:05:18,245] Register - Step 04: Enter to email textbox with value is 'afc3067@gmail.vn'
[2022-06-12 23:05:18,363] Register - Step 05: Enter to password textbox with value is '123456'
[2022-06-12 23:05:18,484] Register - Step 06: Enter to confirm password textbox with value is '123456'
[2022-06-12 23:05:18,581] Register - Step 07: Click to Register button
[2022-06-12 23:05:19,448] Register - Step 08: Verify register success message is displayed
[2022-06-12 23:05:19,501]  -------------------------- PASSED -------------------------- 
[2022-06-12 23:05:19,501] Register - Step 09: Click to Logout link
[2022-06-12 23:05:29,619] Login - Step 01: Navigate to Login page
[2022-06-12 23:05:30,306] Login - Step 01: Enter to email textbox with value is 'afc6082@gmail.vn'
[2022-06-12 23:05:30,459] Login - Step 02: Enter to password textbox with value is '123456'
[2022-06-12 23:05:30,588] Login - Step 03: Click to Login button
[2022-06-12 23:05:31,168] Login - Step 04: Verify 'My Account' link is displayed
[2022-06-12 23:05:41,190] Register - Step 01: Navigate to Register page
[2022-06-12 23:05:43,358] Register - Step 02: Enter to Firstname textbox with value is 'Automation'
[2022-06-12 23:05:43,507] Register - Step 03: Enter to Lastname textbox with value is 'FC'
[2022-06-12 23:05:43,646] Register - Step 04: Enter to email textbox with value is 'afc6082@gmail.vn'
[2022-06-12 23:05:43,792] Register - Step 05: Enter to password textbox with value is '123456'
[2022-06-12 23:05:43,941] Register - Step 06: Enter to confirm password textbox with value is '123456'
[2022-06-12 23:05:44,063] Register - Step 07: Click to Register button
[2022-06-12 23:05:46,259] Register - Step 08: Verify register success message is displayed
[2022-06-12 23:05:46,314]  -------------------------- PASSED -------------------------- 
[2022-06-12 23:05:46,314] Register - Step 09: Click to Logout link
[2022-06-14 18:17:00,113] Login - Step 01: Navigate to Login page
[2022-06-14 18:17:00,720] Login - Step 01: Enter to email textbox with value is 'afc7810@gmail.vn'
[2022-06-14 18:17:00,854] Login - Step 02: Enter to password textbox with value is '123456'
[2022-06-14 18:17:00,953] Login - Step 03: Click to Login button
[2022-06-14 18:17:01,477] Login - Step 04: Verify 'My Account' link is displayed
[2022-06-14 18:17:11,568] Register - Step 01: Navigate to Register page
[2022-06-14 18:17:12,286] Register - Step 02: Enter to Firstname textbox with value is 'Automation'
[2022-06-14 18:17:12,462] Register - Step 03: Enter to Lastname textbox with value is 'FC'
[2022-06-14 18:17:12,642] Register - Step 04: Enter to email textbox with value is 'afc7810@gmail.vn'
[2022-06-14 18:17:12,816] Register - Step 05: Enter to password textbox with value is '123456'
[2022-06-14 18:17:12,959] Register - Step 06: Enter to confirm password textbox with value is '123456'
[2022-06-14 18:17:13,099] Register - Step 07: Click to Register button
[2022-06-14 18:17:13,910] Register - Step 08: Verify register success message is displayed
[2022-06-14 18:17:13,984]  -------------------------- PASSED -------------------------- 
[2022-06-14 18:17:13,984] Register - Step 09: Click to Logout link
[2022-06-21 20:39:19,329] Login - Step 01: Navigate to Login page
[2022-06-21 20:39:21,568] Login - Step 01: Enter to email textbox with value is 'afc5565@gmail.vn'
[2022-06-21 20:39:21,629] Login - Step 02: Enter to password textbox with value is '123456'
[2022-06-21 20:39:21,686] Login - Step 03: Click to Login button
[2022-06-21 20:39:22,239] Login - Step 04: Verify 'My Account' link is displayed
[2022-06-24 02:13:09,464] Login - Step 01: Navigate to Login page
[2022-06-24 02:13:09,664] Register - Step 01: Navigate to Register page
[2022-06-24 02:13:10,248] Register - Step 02: Enter to Firstname textbox with value is 'Automation'
[2022-06-24 02:13:10,343] Register - Step 03: Enter to Lastname textbox with value is 'FC'
[2022-06-24 02:13:10,433] Register - Step 04: Enter to email textbox with value is 'afc6781@gmail.vn'
[2022-06-24 02:13:10,530] Register - Step 05: Enter to password textbox with value is '123456'
[2022-06-24 02:13:10,618] Register - Step 06: Enter to confirm password textbox with value is '123456'
[2022-06-24 02:13:10,728] Register - Step 07: Click to Register button
[2022-06-24 02:13:11,584] Register - Step 08: Verify register success message is displayed
[2022-07-02 00:43:04,879] Login - Step 01: Navigate to Login page
[2022-07-02 00:43:05,524] Login - Step 01: Enter to email textbox with value is 'afc2653@gmail.vn'
[2022-07-02 00:43:05,597] Login - Step 02: Enter to password textbox with value is ''
[2022-07-02 00:43:05,653] Login - Step 03: Click to Login button
[2022-07-02 01:32:55,981] Pre-condition - Step 01: Navigate to Login page
[2022-07-02 01:32:56,710] Pre-condition - Step 02: Set cookie and reload page
[2022-07-02 01:33:01,173] Pre-condition - Step 03: Verify 'My Account' link is displayed
[2022-07-02 01:33:01,285]  -------------------------- PASSED -------------------------- 
[2022-07-02 01:35:26,076] Pre-condition - Step 01: Navigate to Login page
[2022-07-02 01:35:26,701] Pre-condition - Step 02: Set cookie and reload page
[2022-07-02 01:35:31,121] Pre-condition - Step 03: Verify 'My Account' link is displayed
[2022-07-02 01:35:31,218]  -------------------------- PASSED -------------------------- 
[2022-07-02 01:37:16,047] Pre-condition - Step 01: Navigate to Login page
[2022-07-02 01:37:16,705] Pre-condition - Step 02: Set cookie and reload page
[2022-07-02 01:37:21,011] Pre-condition - Step 03: Verify 'My Account' link is displayed
[2022-07-02 01:37:21,118]  -------------------------- PASSED -------------------------- 
[2022-07-02 22:42:20,618] Login - Step 01: Navigate to Login page
[2022-07-02 22:42:30,803] Register - Step 01: Navigate to Register page
[2022-07-02 22:48:59,911] Pre-condition - Step 01: Navigate to Register page
[2022-07-02 22:49:00,645] Pre-condition - Step 02: Enter to Firstname textbox with value is 'Automation'
[2022-07-02 22:49:00,765] Pre-condition - Step 03: Enter to Lastname textbox with value is 'FC'
[2022-07-02 22:49:00,879] Pre-condition - Step 04: Enter to email textbox with value is 'afc4046@gmail.vn'
[2022-07-02 22:49:01,010] Pre-condition - Step 05: Enter to password textbox with value is '123456'
[2022-07-02 22:49:01,120] Pre-condition - Step 06: Enter to confirm password textbox with value is '123456'
[2022-07-02 22:49:01,219] Pre-condition - Step 07: Click to Register button
[2022-07-02 22:49:02,321] Pre-condition - Step 08: Verify register success message is displayed
[2022-07-02 22:49:02,377]  -------------------------- FAILED -------------------------- 
[2022-07-02 22:49:02,378] Pre-condition - Step 09: Click to Logout link
[2022-07-02 22:49:03,128] Pre-condition - Step 01: Navigate to Login page
[2022-07-02 22:49:03,720] Pre-condition - Step 01: Enter to email textbox with value is 'afc4046@gmail.vn'
[2022-07-02 22:49:03,781] Pre-condition - Step 02: Enter to password textbox with value is '123456'
[2022-07-02 22:49:03,855] Pre-condition - Step 03: Click to Login button
[2022-07-02 22:50:59,349] Pre-condition - Step 01: Navigate to Register page
[2022-07-02 22:51:00,083] Pre-condition - Step 02: Enter to Firstname textbox with value is 'Automation'
[2022-07-02 22:51:00,220] Pre-condition - Step 03: Enter to Lastname textbox with value is 'FC'
[2022-07-02 22:51:00,326] Pre-condition - Step 04: Enter to email textbox with value is 'afc4670@gmail.vn'
[2022-07-02 22:51:00,445] Pre-condition - Step 05: Enter to password textbox with value is '123456'
[2022-07-02 22:51:00,557] Pre-condition - Step 06: Enter to confirm password textbox with value is '123456'
[2022-07-02 22:51:00,689] Pre-condition - Step 07: Click to Register button
[2022-07-02 22:51:01,925] Pre-condition - Step 08: Verify register success message is displayed
[2022-07-02 23:02:48,922] Pre-condition - Step 01: Navigate to Register page
[2022-07-02 23:02:49,651] Pre-condition - Step 02: Enter to Firstname textbox with value is 'Automation'
[2022-07-02 23:02:49,754] Pre-condition - Step 03: Enter to Lastname textbox with value is 'FC'
[2022-07-02 23:02:49,879] Pre-condition - Step 04: Enter to email textbox with value is 'afc6234@gmail.vn'
[2022-07-02 23:02:50,003] Pre-condition - Step 05: Enter to password textbox with value is '123456'
[2022-07-02 23:02:50,124] Pre-condition - Step 06: Enter to confirm password textbox with value is '123456'
[2022-07-02 23:02:50,217] Pre-condition - Step 07: Click to Register button
[2022-07-02 23:02:51,326] Pre-condition - Step 08: Verify register success message is displayed
[2022-07-02 23:28:33,260] Pre-condition - Step 01: Navigate to Register page
[2022-07-02 23:28:33,940] Pre-condition - Step 02: Enter to Firstname textbox with value is 'Automation'
[2022-07-02 23:28:34,051] Pre-condition - Step 03: Enter to Lastname textbox with value is 'FC'
[2022-07-02 23:28:34,159] Pre-condition - Step 04: Enter to email textbox with value is 'afc273@gmail.vn'
[2022-07-02 23:28:34,271] Pre-condition - Step 05: Enter to password textbox with value is '123456'
[2022-07-02 23:28:34,371] Pre-condition - Step 06: Enter to confirm password textbox with value is '123456'
[2022-07-02 23:28:34,486] Pre-condition - Step 07: Click to Register button
[2022-07-02 23:28:35,805] Pre-condition - Step 08: Verify register success message is displayed
[2022-07-02 23:28:36,049] OS name = windows 10
[2022-07-02 23:28:36,049] Driver instance name = firefoxdriver: firefox on windows (32e0f568-a041-44c6-8709-e327d0cee30e)
[2022-07-03 01:43:40,320] Login - Step 01: Navigate to Login page
[2022-07-03 01:43:40,455] Register - Step 01: Navigate to Register page
[2022-07-03 01:43:40,455] Register - Step 02: Enter to Firstname textbox with value is 'Automation'
[2022-07-03 01:43:40,466] OS name = windows 10
[2022-07-03 01:43:40,467] Driver instance name = firefoxdriver: firefox on windows (b9688b79-91b6-412b-8da9-50c99c0fa365)
[2022-07-03 01:44:40,839] Login - Step 01: Navigate to Login page
[2022-07-03 01:44:40,923] Register - Step 01: Navigate to Register page
[2022-07-03 01:44:40,923] Register - Step 02: Enter to Firstname textbox with value is 'Automation'
[2022-07-03 01:44:40,930] OS name = windows 10
[2022-07-03 01:44:40,930] Driver instance name = firefoxdriver: firefox on windows (45e0dedf-a627-4817-a9b4-87f41f4cdadd)
[2022-07-03 01:46:06,607] Login - Step 01: Navigate to Login page
[2022-07-03 01:46:06,727] Register - Step 01: Navigate to Register page
[2022-07-03 01:46:06,727] Register - Step 02: Enter to Firstname textbox with value is 'Automation'
[2022-07-03 01:46:06,733] OS name = windows 10
[2022-07-03 01:46:06,733] Driver instance name = firefoxdriver: firefox on windows (d3a8ede1-0030-4903-b1f9-b3313481a56f)
[2022-07-03 01:48:38,322] Login - Step 01: Navigate to Login page
[2022-07-03 01:48:38,442] Register - Step 01: Navigate to Register page
[2022-07-03 01:48:38,442] Register - Step 02: Enter to Firstname textbox with value is 'Automation'
[2022-07-03 01:48:38,447] OS name = windows 10
[2022-07-03 01:48:38,447] Driver instance name = firefoxdriver: firefox on windows (b7479e92-f5a3-4d3a-8678-10acbc1db67f)
[2022-07-03 01:49:39,895] Login - Step 01: Navigate to Login page
[2022-07-03 01:49:40,007] Register - Step 01: Navigate to Register page
[2022-07-03 01:49:40,007] Register - Step 02: Enter to Firstname textbox with value is 'Automation'
[2022-07-03 01:49:40,014] OS name = windows 10
[2022-07-03 01:49:40,015] Driver instance name = firefoxdriver: firefox on windows (9abb668b-4f78-408f-9596-a85bcea2745d)
[2022-07-03 01:50:04,870] Login - Step 01: Navigate to Login page
[2022-07-03 01:50:04,998] Register - Step 01: Navigate to Register page
[2022-07-03 01:50:04,998] Register - Step 02: Enter to Firstname textbox with value is 'Automation'
[2022-07-03 01:50:05,004] OS name = windows 10
[2022-07-03 01:50:05,005] Driver instance name = firefoxdriver: firefox on windows (61ce347d-9adf-42cb-bbca-a95d19f7a93f)
[2022-07-03 01:54:02,336] Login - Step 01: Navigate to Login page
[2022-07-03 01:54:02,452] Register - Step 01: Navigate to Register page
[2022-07-03 01:54:02,452] Register - Step 02: Enter to Firstname textbox with value is 'Automation'
[2022-07-03 01:54:02,460] OS name = windows 10
[2022-07-03 01:54:02,460] Driver instance name = firefoxdriver: firefox on windows (212774cf-aa5d-49c8-a797-9374cdfc8788)
[2022-07-03 01:54:45,531] Register - Step 01: Navigate to Register page
[2022-07-03 01:54:45,532] Register - Step 02: Enter to Firstname textbox with value is 'Automation'
[2022-07-03 01:54:45,654] OS name = windows 10
[2022-07-03 01:54:45,655] Driver instance name = firefoxdriver: firefox on windows (ae92dc46-4053-4d1d-b938-d709b93687e6)
[2022-07-03 01:56:23,598] OS name = windows 10
[2022-07-03 01:56:23,599] Driver instance name = firefoxdriver: firefox on windows (d7b4960e-26c9-4149-9300-9eda1dfb5593)
[2022-07-03 01:57:25,877] Register - Step 01: Navigate to Register page
[2022-07-03 01:57:26,598] Register - Step 02: Enter to Firstname textbox with value is 'Automation'
[2022-07-03 01:57:26,736] Register - Step 03: Enter to Lastname textbox with value is 'FC'
[2022-07-03 01:57:26,865] Register - Step 04: Enter to email textbox with value is 'afc5534@gmail.vn'
[2022-07-03 01:57:26,992] Register - Step 05: Enter to password textbox with value is '123456'
[2022-07-03 01:57:27,089] Register - Step 06: Enter to confirm password textbox with value is '123456'
[2022-07-03 01:57:27,185] Register - Step 07: Click to Register button
[2022-07-03 01:57:37,361] OS name = windows 10
[2022-07-03 01:57:37,361] Driver instance name = firefoxdriver: firefox on windows (f342898c-7115-443b-9797-37cad4098306)
[2022-07-03 02:01:12,241] Register - Step 01: Navigate to Register page
[2022-07-03 02:01:12,873] Register - Step 02: Enter to Firstname textbox with value is 'Automation'
[2022-07-03 02:01:12,985] Register - Step 03: Enter to Lastname textbox with value is 'FC'
[2022-07-03 02:01:13,090] Register - Step 04: Enter to email textbox with value is 'afc2344@gmail.vn'
[2022-07-03 02:01:13,223] Register - Step 05: Enter to password textbox with value is '123456'
[2022-07-03 02:01:13,356] Register - Step 06: Enter to confirm password textbox with value is '123456'
[2022-07-03 02:01:13,458] Register - Step 07: Click to Register button
[2022-07-03 02:01:23,573] OS name = windows 10
[2022-07-03 02:01:23,573] Driver instance name = firefoxdriver: firefox on windows (7a12c9e7-6b12-4e52-b706-17a1400df71b)
[2022-07-03 02:02:48,371] Register - Step 01: Navigate to Register page
[2022-07-03 02:02:49,021] Register - Step 02: Enter to Firstname textbox with value is 'Automation'
[2022-07-03 02:02:49,147] Register - Step 03: Enter to Lastname textbox with value is 'FC'
[2022-07-03 02:02:49,241] Register - Step 04: Enter to email textbox with value is 'afc9956@gmail.vn'
[2022-07-03 02:02:49,370] Register - Step 05: Enter to password textbox with value is '123456'
[2022-07-03 02:02:49,466] Register - Step 06: Enter to confirm password textbox with value is '123456'
[2022-07-03 02:02:49,571] Register - Step 07: Click to Register button
[2022-07-03 02:02:59,676] OS name = windows 10
[2022-07-03 02:02:59,676] Driver instance name = firefoxdriver: firefox on windows (0bd35fa3-04d3-4cda-80a1-f3de0c20fbcf)
[2022-07-03 02:03:55,353] Register - Step 01: Navigate to Register page
[2022-07-03 02:03:56,011] Register - Step 02: Enter to Firstname textbox with value is 'Automation'
[2022-07-03 02:03:56,162] Register - Step 03: Enter to Lastname textbox with value is 'FC'
[2022-07-03 02:03:56,277] Register - Step 04: Enter to email textbox with value is 'afc1634@gmail.vn'
[2022-07-03 02:03:56,394] Register - Step 05: Enter to password textbox with value is '123456'
[2022-07-03 02:03:56,524] Register - Step 06: Enter to confirm password textbox with value is '123456'
[2022-07-03 02:03:56,633] Register - Step 07: Click to Register button
[2022-07-03 02:04:10,776] OS name = windows 10
[2022-07-03 02:04:10,776] Driver instance name = firefoxdriver: firefox on windows (653d830c-bf23-4306-9b72-1a40da714f14)
[2022-07-03 02:04:11,016] Failed to decode response from marionette
Build info: version: '3.141.59', revision: 'e82be7d358', time: '2018-11-14T08:25:53'
System info: host: 'HUNGPHAM-T480', ip: '172.19.96.1', os.name: 'Windows 10', os.arch: 'amd64', os.version: '10.0', java.version: '11.0.12'
Driver info: org.openqa.selenium.firefox.FirefoxDriver
Capabilities {acceptInsecureCerts: true, browserName: firefox, browserVersion: 102.0, javascriptEnabled: true, moz:accessibilityChecks: false, moz:buildID: 20220623063721, moz:geckodriverVersion: 0.31.0, moz:headless: false, moz:processID: 25192, moz:profile: C:\Users\T480\AppData\Local..., moz:shutdownTimeout: 60000, moz:useNonSpecCompliantPointerOrigin: false, moz:webdriverClick: true, moz:windowless: false, pageLoadStrategy: normal, platform: WINDOWS, platformName: WINDOWS, platformVersion: 10.0, proxy: Proxy(), setWindowRect: true, strictFileInteractability: false, timeouts: {implicit: 0, pageLoad: 300000, script: 30000}, unhandledPromptBehavior: dismiss and notify}
Session ID: 653d830c-bf23-4306-9b72-1a40da714f14
[2022-07-03 02:04:51,999] Register - Step 01: Navigate to Register page
[2022-07-03 02:04:52,709] Register - Step 02: Enter to Firstname textbox with value is 'Automation'
[2022-07-03 02:04:52,832] Register - Step 03: Enter to Lastname textbox with value is 'FC'
[2022-07-03 02:04:52,956] Register - Step 04: Enter to email textbox with value is 'afc7732@gmail.vn'
[2022-07-03 02:04:53,086] Register - Step 05: Enter to password textbox with value is '123456'
[2022-07-03 02:04:53,210] Register - Step 06: Enter to confirm password textbox with value is '123456'
[2022-07-03 02:04:53,309] Register - Step 07: Click to Register button
[2022-07-03 02:05:02,196] OS name = windows 10
[2022-07-03 02:05:02,197] Driver instance name = firefoxdriver: firefox on windows (979f25a1-d6a5-4c4a-863c-a840b120750d)
[2022-07-03 02:05:02,412] Failed to decode response from marionette
Build info: version: '3.141.59', revision: 'e82be7d358', time: '2018-11-14T08:25:53'
System info: host: 'HUNGPHAM-T480', ip: '172.19.96.1', os.name: 'Windows 10', os.arch: 'amd64', os.version: '10.0', java.version: '11.0.12'
Driver info: org.openqa.selenium.firefox.FirefoxDriver
Capabilities {acceptInsecureCerts: true, browserName: firefox, browserVersion: 102.0, javascriptEnabled: true, moz:accessibilityChecks: false, moz:buildID: 20220623063721, moz:geckodriverVersion: 0.31.0, moz:headless: false, moz:processID: 18628, moz:profile: C:\Users\T480\AppData\Local..., moz:shutdownTimeout: 60000, moz:useNonSpecCompliantPointerOrigin: false, moz:webdriverClick: true, moz:windowless: false, pageLoadStrategy: normal, platform: WINDOWS, platformName: WINDOWS, platformVersion: 10.0, proxy: Proxy(), setWindowRect: true, strictFileInteractability: false, timeouts: {implicit: 0, pageLoad: 300000, script: 30000}, unhandledPromptBehavior: dismiss and notify}
Session ID: 979f25a1-d6a5-4c4a-863c-a840b120750d
[2022-07-03 02:05:52,931] Register - Step 01: Navigate to Register page
[2022-07-03 02:06:00,542] OS name = windows 10
[2022-07-03 02:06:00,542] Driver instance name = firefoxdriver: firefox on windows (294b8a29-c200-4903-9e70-bd042a579674)
[2022-07-03 02:06:00,703] Failed to decode response from marionette
Build info: version: '3.141.59', revision: 'e82be7d358', time: '2018-11-14T08:25:53'
System info: host: 'HUNGPHAM-T480', ip: '172.19.96.1', os.name: 'Windows 10', os.arch: 'amd64', os.version: '10.0', java.version: '11.0.12'
Driver info: org.openqa.selenium.firefox.FirefoxDriver
Capabilities {acceptInsecureCerts: true, browserName: firefox, browserVersion: 102.0, javascriptEnabled: true, moz:accessibilityChecks: false, moz:buildID: 20220623063721, moz:geckodriverVersion: 0.31.0, moz:headless: false, moz:processID: 11716, moz:profile: C:\Users\T480\AppData\Local..., moz:shutdownTimeout: 60000, moz:useNonSpecCompliantPointerOrigin: false, moz:webdriverClick: true, moz:windowless: false, pageLoadStrategy: normal, platform: WINDOWS, platformName: WINDOWS, platformVersion: 10.0, proxy: Proxy(), setWindowRect: true, strictFileInteractability: false, timeouts: {implicit: 0, pageLoad: 300000, script: 30000}, unhandledPromptBehavior: dismiss and notify}
Session ID: 294b8a29-c200-4903-9e70-bd042a579674
[2022-07-03 02:06:34,516] Register - Step 01: Navigate to Register page
[2022-07-03 02:06:40,630] OS name = windows 10
[2022-07-03 02:06:40,631] Driver instance name = firefoxdriver: firefox on windows (1edabf8b-16d7-41bf-a691-63170dbd26b3)
[2022-07-03 02:06:40,773] Failed to decode response from marionette
Build info: version: '3.141.59', revision: 'e82be7d358', time: '2018-11-14T08:25:53'
System info: host: 'HUNGPHAM-T480', ip: '172.19.96.1', os.name: 'Windows 10', os.arch: 'amd64', os.version: '10.0', java.version: '11.0.12'
Driver info: org.openqa.selenium.firefox.FirefoxDriver
Capabilities {acceptInsecureCerts: true, browserName: firefox, browserVersion: 102.0, javascriptEnabled: true, moz:accessibilityChecks: false, moz:buildID: 20220623063721, moz:geckodriverVersion: 0.31.0, moz:headless: false, moz:processID: 25044, moz:profile: C:\Users\T480\AppData\Local..., moz:shutdownTimeout: 60000, moz:useNonSpecCompliantPointerOrigin: false, moz:webdriverClick: true, moz:windowless: false, pageLoadStrategy: normal, platform: WINDOWS, platformName: WINDOWS, platformVersion: 10.0, proxy: Proxy(), setWindowRect: true, strictFileInteractability: false, timeouts: {implicit: 0, pageLoad: 300000, script: 30000}, unhandledPromptBehavior: dismiss and notify}
Session ID: 1edabf8b-16d7-41bf-a691-63170dbd26b3
[2022-07-03 02:07:00,649] Register - Step 01: Navigate to Register page
[2022-07-03 02:07:03,597] OS name = windows 10
[2022-07-03 02:07:03,598] Driver instance name = firefoxdriver: firefox on windows (b8d29d33-d748-4118-95ef-6be6f344a03c)
[2022-07-03 02:07:03,743] Failed to decode response from marionette
Build info: version: '3.141.59', revision: 'e82be7d358', time: '2018-11-14T08:25:53'
System info: host: 'HUNGPHAM-T480', ip: '172.19.96.1', os.name: 'Windows 10', os.arch: 'amd64', os.version: '10.0', java.version: '11.0.12'
Driver info: org.openqa.selenium.firefox.FirefoxDriver
Capabilities {acceptInsecureCerts: true, browserName: firefox, browserVersion: 102.0, javascriptEnabled: true, moz:accessibilityChecks: false, moz:buildID: 20220623063721, moz:geckodriverVersion: 0.31.0, moz:headless: false, moz:processID: 10072, moz:profile: C:\Users\T480\AppData\Local..., moz:shutdownTimeout: 60000, moz:useNonSpecCompliantPointerOrigin: false, moz:webdriverClick: true, moz:windowless: false, pageLoadStrategy: normal, platform: WINDOWS, platformName: WINDOWS, platformVersion: 10.0, proxy: Proxy(), setWindowRect: true, strictFileInteractability: false, timeouts: {implicit: 0, pageLoad: 300000, script: 30000}, unhandledPromptBehavior: dismiss and notify}
Session ID: b8d29d33-d748-4118-95ef-6be6f344a03c
[2022-07-03 02:07:56,853] Register - Step 01: Navigate to Register page
[2022-07-03 02:07:57,534] Register - Step 02: Enter to Firstname textbox with value is 'Automation'
[2022-07-03 02:07:57,655] Register - Step 03: Enter to Lastname textbox with value is 'FC'
[2022-07-03 02:07:57,761] Register - Step 04: Enter to email textbox with value is 'afc9642@gmail.vn'
[2022-07-03 02:07:57,877] Register - Step 05: Enter to password textbox with value is '123456'
[2022-07-03 02:07:57,983] Register - Step 06: Enter to confirm password textbox with value is '123456'
[2022-07-03 02:07:58,072] Register - Step 07: Click to Register button
[2022-07-03 02:08:00,818] OS name = windows 10
[2022-07-03 02:08:00,818] Driver instance name = firefoxdriver: firefox on windows (fbfa56e0-bdc4-4efd-a67f-9f57e98e7667)
[2022-07-03 02:08:01,000] Failed to decode response from marionette
Build info: version: '3.141.59', revision: 'e82be7d358', time: '2018-11-14T08:25:53'
System info: host: 'HUNGPHAM-T480', ip: '172.19.96.1', os.name: 'Windows 10', os.arch: 'amd64', os.version: '10.0', java.version: '11.0.12'
Driver info: org.openqa.selenium.firefox.FirefoxDriver
Capabilities {acceptInsecureCerts: true, browserName: firefox, browserVersion: 102.0, javascriptEnabled: true, moz:accessibilityChecks: false, moz:buildID: 20220623063721, moz:geckodriverVersion: 0.31.0, moz:headless: false, moz:processID: 19364, moz:profile: C:\Users\T480\AppData\Local..., moz:shutdownTimeout: 60000, moz:useNonSpecCompliantPointerOrigin: false, moz:webdriverClick: true, moz:windowless: false, pageLoadStrategy: normal, platform: WINDOWS, platformName: WINDOWS, platformVersion: 10.0, proxy: Proxy(), setWindowRect: true, strictFileInteractability: false, timeouts: {implicit: 0, pageLoad: 300000, script: 30000}, unhandledPromptBehavior: dismiss and notify}
Session ID: fbfa56e0-bdc4-4efd-a67f-9f57e98e7667
[2022-07-03 02:12:37,670] Login - Step 01: Navigate to Login page
[2022-07-03 02:12:37,797] Register - Step 01: Navigate to Register page
[2022-07-03 02:12:38,477] Register - Step 02: Enter to Firstname textbox with value is 'Automation'
[2022-07-03 02:12:38,613] Register - Step 03: Enter to Lastname textbox with value is 'FC'
[2022-07-03 02:12:38,700] Register - Step 04: Enter to email textbox with value is 'afc1481@gmail.vn'
[2022-07-03 02:12:38,798] Register - Step 05: Enter to password textbox with value is '123456'
[2022-07-03 02:12:38,883] Register - Step 06: Enter to confirm password textbox with value is '123456'
[2022-07-03 02:12:38,959] Register - Step 07: Click to Register button
[2022-07-03 02:12:39,933] Register - Step 08: Verify register success message is displayed
[2022-07-03 02:12:40,003] OS name = windows 10
[2022-07-03 02:12:40,003] Driver instance name = firefoxdriver: firefox on windows (1a7a1bf0-e00e-458e-829c-df8e395ac783)
[2022-07-03 13:58:50,345] Login - Step 01: Navigate to Login page
[2022-07-03 13:58:50,446] Register - Step 01: Navigate to Register page
[2022-07-03 13:58:51,091] Register - Step 02: Enter to Firstname textbox with value is 'Automation'
[2022-07-03 13:58:51,197] Register - Step 03: Enter to Lastname textbox with value is 'FC'
[2022-07-03 13:58:51,286] Register - Step 04: Enter to email textbox with value is 'afc3873@gmail.vn'
[2022-07-03 13:58:51,405] Register - Step 05: Enter to password textbox with value is '123456'
[2022-07-03 13:58:51,501] Register - Step 06: Enter to confirm password textbox with value is '123456'
[2022-07-03 13:58:51,599] Register - Step 07: Click to Register button
[2022-07-03 13:58:52,661] Register - Step 08: Verify register success message is displayed
[2022-07-03 13:58:52,740] OS name = windows 10
[2022-07-03 13:58:52,741] Driver instance name = firefoxdriver: firefox on windows (0b90f3fd-45e8-48cf-a682-2e750e0345ed)
[2022-07-03 14:00:47,357] Login - Step 01: Navigate to Login page
[2022-07-03 14:02:26,430] Register - Step 01: Navigate to Register page
[2022-07-03 14:02:27,100] Register - Step 02: Enter to Firstname textbox with value is 'Automation'
[2022-07-03 14:02:27,191] Register - Step 03: Enter to Lastname textbox with value is 'FC'
[2022-07-03 14:02:27,278] Register - Step 04: Enter to email textbox with value is 'afc6247@gmail.vn'
[2022-07-03 14:02:27,363] Register - Step 05: Enter to password textbox with value is '123456'
[2022-07-03 14:02:27,449] Register - Step 06: Enter to confirm password textbox with value is '123456'
[2022-07-03 14:02:27,525] Register - Step 07: Click to Register button
[2022-07-03 14:02:28,431] Register - Step 08: Verify register success message is displayed
[2022-07-03 14:02:28,511] OS name = windows 10
[2022-07-03 14:02:28,511] Driver instance name = firefoxdriver: firefox on windows (981871d2-dd30-482d-9512-5c75e11de89e)
[2022-07-03 14:03:32,941] Login - Step 01: Navigate to Login page
[2022-07-03 14:03:33,050] Register - Step 01: Navigate to Register page
[2022-07-03 14:03:33,711] Register - Step 02: Enter to Firstname textbox with value is 'Automation'
[2022-07-03 14:03:33,862] Register - Step 03: Enter to Lastname textbox with value is 'FC'
[2022-07-03 14:03:33,982] Register - Step 04: Enter to email textbox with value is 'afc345@gmail.vn'
[2022-07-03 14:03:34,095] Register - Step 05: Enter to password textbox with value is '123456'
[2022-07-03 14:03:34,191] Register - Step 06: Enter to confirm password textbox with value is '123456'
[2022-07-03 14:03:34,279] Register - Step 07: Click to Register button
[2022-07-03 14:03:35,315] Register - Step 08: Verify register success message is displayed
[2022-07-03 14:03:35,381] OS name = windows 10
[2022-07-03 14:03:35,382] Driver instance name = firefoxdriver: firefox on windows (f2850143-e2ce-40d9-a68d-b71e38449018)
[2022-07-03 14:06:48,017] Login - Step 01: Navigate to Login page
[2022-07-03 14:06:57,643] Register - Step 01: Navigate to Register page
[2022-07-03 14:06:58,378] Register - Step 02: Enter to Firstname textbox with value is 'Automation'
[2022-07-03 14:06:58,510] Register - Step 03: Enter to Lastname textbox with value is 'FC'
[2022-07-03 14:06:58,606] Register - Step 04: Enter to email textbox with value is 'afc6717@gmail.vn'
[2022-07-03 14:06:58,726] Register - Step 05: Enter to password textbox with value is '123456'
[2022-07-03 14:06:58,825] Register - Step 06: Enter to confirm password textbox with value is '123456'
[2022-07-03 14:06:58,904] Register - Step 07: Click to Register button
[2022-07-03 14:06:59,808] Register - Step 08: Verify register success message is displayed
[2022-07-03 14:06:59,899] OS name = windows 10
[2022-07-03 14:06:59,899] Driver instance name = firefoxdriver: firefox on windows (786d1fae-66a3-4db5-92bb-76dd33723083)
[2022-07-03 14:08:06,929] OS name = windows 10
[2022-07-03 14:08:06,930] 
[2022-07-03 14:08:29,402] Login - Step 01: Navigate to Login page
[2022-07-03 14:09:13,702] Register - Step 01: Navigate to Register page
[2022-07-03 14:09:21,569] Register - Step 02: Enter to Firstname textbox with value is 'Automation'
[2022-07-03 14:09:22,655] Register - Step 03: Enter to Lastname textbox with value is 'FC'
[2022-07-03 14:09:23,715] Register - Step 04: Enter to email textbox with value is 'afc9926@gmail.vn'
[2022-07-03 14:09:24,814] Register - Step 05: Enter to password textbox with value is '123456'
[2022-07-03 14:09:26,348] Register - Step 06: Enter to confirm password textbox with value is '123456'
[2022-07-03 14:09:27,256] Register - Step 07: Click to Register button
[2022-07-03 14:09:29,204] Register - Step 08: Verify register success message is displayed
[2022-07-03 14:09:30,399] OS name = windows 10
[2022-07-03 14:09:30,400] Driver instance name = firefoxdriver: firefox on windows (21ca3967-7556-434e-866e-79ae0549dcaf)
[2022-07-03 14:09:53,773] Login - Step 01: Navigate to Login page
[2022-07-03 14:10:35,361] Login - Step 01: Navigate to Login page
[2022-07-03 14:12:39,914] Register - Step 01: Navigate to Register page
[2022-07-03 14:12:40,740] Login - Step 01: Navigate to Login page
[2022-07-03 14:12:48,831] Register - Step 01: Navigate to Register page
[2022-07-03 14:12:49,178] OS name = windows 10
[2022-07-03 14:12:49,179] Driver instance name = firefoxdriver: firefox on windows (b309f898-769c-4146-9876-f2d6992268ae)
[2022-07-03 14:12:49,191] Tried to run command without establishing a connection
Build info: version: '3.141.59', revision: 'e82be7d358', time: '2018-11-14T08:25:53'
System info: host: 'HUNGPHAM-T480', ip: '172.19.96.1', os.name: 'Windows 10', os.arch: 'amd64', os.version: '10.0', java.version: '11.0.12'
Driver info: org.openqa.selenium.firefox.FirefoxDriver
Capabilities {acceptInsecureCerts: true, browserName: firefox, browserVersion: 102.0, javascriptEnabled: true, moz:accessibilityChecks: false, moz:buildID: 20220623063721, moz:geckodriverVersion: 0.31.0, moz:headless: false, moz:processID: 23708, moz:profile: C:\Users\T480\AppData\Local..., moz:shutdownTimeout: 60000, moz:useNonSpecCompliantPointerOrigin: false, moz:webdriverClick: true, moz:windowless: false, pageLoadStrategy: normal, platform: WINDOWS, platformName: WINDOWS, platformVersion: 10.0, proxy: Proxy(), setWindowRect: true, strictFileInteractability: false, timeouts: {implicit: 0, pageLoad: 300000, script: 30000}, unhandledPromptBehavior: dismiss and notify}
Session ID: b309f898-769c-4146-9876-f2d6992268ae
[2022-07-03 14:14:49,403] Login - Step 01: Navigate to Login page
[2022-07-03 14:16:12,028] Login - Step 01: Navigate to Login page
[2022-07-03 14:17:39,995] Register - Step 01: Navigate to Register page
[2022-07-03 14:17:40,734] Register - Step 02: Enter to Firstname textbox with value is 'Automation'
[2022-07-03 14:17:40,885] Register - Step 03: Enter to Lastname textbox with value is 'FC'
[2022-07-03 14:17:41,028] Register - Step 04: Enter to email textbox with value is 'afc3502@gmail.vn'
[2022-07-03 14:17:41,173] Register - Step 05: Enter to password textbox with value is '123456'
[2022-07-03 14:17:41,296] Register - Step 06: Enter to confirm password textbox with value is '123456'
[2022-07-03 14:17:41,414] Register - Step 07: Click to Register button
[2022-07-03 14:17:42,354] Register - Step 08: Verify register success message is displayed
[2022-07-03 14:17:42,526] Login - Step 01: Navigate to Login page
[2022-07-03 14:17:43,896] Login - Step 01: Enter to email textbox with value is 'afc3502@gmail.vn'
[2022-07-03 14:17:44,021] Login - Step 02: Enter to password textbox with value is '123456'
[2022-07-03 14:17:44,135] Login - Step 03: Click to Login button
[2022-07-03 14:17:44,907] Login - Step 04: Verify 'My Account' link is displayed
[2022-07-03 14:17:45,010] OS name = windows 10
[2022-07-03 14:17:45,010] Driver instance name = firefoxdriver: firefox on windows (a5831d54-e1a4-4b2e-be63-c4b3503b9ab4)
[2022-07-03 14:59:23,981] Register - Step 01: Navigate to Register page
[2022-07-03 14:59:25,099] Register - Step 02: Enter to Firstname textbox with value is 'Automation'
[2022-07-03 14:59:25,220] Register - Step 03: Enter to Lastname textbox with value is 'FC'
[2022-07-03 14:59:26,340] Register - Step 04: Enter to email textbox with value is 'afc4952@gmail.vn'
[2022-07-03 14:59:26,547] Register - Step 05: Enter to password textbox with value is '123456'
[2022-07-03 14:59:31,660] Register - Step 06: Enter to confirm password textbox with value is '123456'
[2022-07-03 14:59:31,885] Register - Step 07: Click to Register button
[2022-07-03 14:59:32,949] Register - Step 08: Verify register success message is displayed
[2022-07-03 14:59:33,195] Login - Step 01: Navigate to Login page
[2022-07-03 14:59:35,139] Login - Step 01: Enter to email textbox with value is 'afc4952@gmail.vn'
[2022-07-03 14:59:35,276] Login - Step 02: Enter to password textbox with value is '123456'
[2022-07-03 14:59:35,382] Login - Step 03: Click to Login button
[2022-07-03 14:59:36,292] Login - Step 04: Verify 'My Account' link is displayed
[2022-07-03 14:59:36,429] OS name = windows 10
[2022-07-03 14:59:36,429] Driver instance name = firefoxdriver: firefox on windows (4e86c532-7dd1-4b1d-a49e-64aff0326d02)
[2022-07-03 15:20:46,726] Register - Step 01: Navigate to Register page
[2022-07-03 15:20:47,855] Register - Step 02: Enter to Firstname textbox with value is 'Automation'
[2022-07-03 15:20:47,990] Register - Step 03: Enter to Lastname textbox with value is 'FC'
[2022-07-03 15:20:49,126] Register - Step 04: Enter to email textbox with value is 'afc8484@gmail.vn'
[2022-07-03 15:20:49,366] Register - Step 05: Enter to password textbox with value is '123456'
[2022-07-03 15:20:49,478] Register - Step 06: Enter to confirm password textbox with value is '123456'
[2022-07-03 15:20:49,577] Register - Step 07: Click to Register button
[2022-07-03 15:20:50,721] Register - Step 08: Verify register success message is displayed
[2022-07-03 15:20:50,907] Login - Step 01: Navigate to Login page
[2022-07-03 15:20:52,407] Login - Step 01: Enter to email textbox with value is 'afc8484@gmail.vn'
[2022-07-03 15:20:52,529] Login - Step 02: Enter to password textbox with value is '123456'
[2022-07-03 15:20:52,643] Login - Step 03: Click to Login button
[2022-07-03 15:20:53,491] Login - Step 04: Verify 'My Account' link is displayed
[2022-07-03 15:20:53,611] My Account - Step 01: Navigate to My Account page
[2022-07-03 15:20:54,272] My Account - Step 02: Verify 'Customer Infor' page is displayed
[2022-07-03 15:20:54,368] My Account - Step 03: Verify 'First Name' value is correctly
[2022-07-03 15:20:54,426] My Account - Step 03: Verify 'Last Name' value is correctly
[2022-07-03 15:20:54,517] My Account - Step 03: Verify 'Email' value is correctly
[2022-07-03 15:20:54,601] OS name = windows 10
[2022-07-03 15:20:54,601] Driver instance name = firefoxdriver: firefox on windows (ac2dc3bf-9863-4071-a7c8-7874ccb75b2e)
[2022-07-03 15:21:25,271] Register - Step 01: Navigate to Register page
[2022-07-03 15:21:26,394] Register - Step 02: Enter to Firstname textbox with value is 'Automation'
[2022-07-03 15:21:26,500] Register - Step 03: Enter to Lastname textbox with value is 'FC'
[2022-07-03 15:21:27,618] Register - Step 04: Enter to email textbox with value is 'afc9344@gmail.vn'
[2022-07-03 15:21:27,778] Register - Step 05: Enter to password textbox with value is '123456'
[2022-07-03 15:21:27,877] Register - Step 06: Enter to confirm password textbox with value is '123456'
[2022-07-03 15:21:27,978] Register - Step 07: Click to Register button
[2022-07-03 15:21:28,892] Register - Step 08: Verify register success message is displayed
[2022-07-03 15:21:29,090] Login - Step 01: Navigate to Login page
[2022-07-03 15:21:30,508] Login - Step 01: Enter to email textbox with value is 'afc9344@gmail.vn'
[2022-07-03 15:21:30,632] Login - Step 02: Enter to password textbox with value is '123456'
[2022-07-03 15:21:30,746] Login - Step 03: Click to Login button
[2022-07-03 15:21:31,564] Login - Step 04: Verify 'My Account' link is displayed
[2022-07-03 15:21:31,680] My Account - Step 01: Navigate to My Account page
[2022-07-03 15:21:32,280] My Account - Step 02: Verify 'Customer Infor' page is displayed
[2022-07-03 15:21:32,360] My Account - Step 03: Verify 'First Name' value is correctly
[2022-07-03 15:21:32,429] My Account - Step 03: Verify 'Last Name' value is correctly
[2022-07-03 15:21:32,495] My Account - Step 03: Verify 'Email' value is correctly
[2022-07-03 15:21:32,561] OS name = windows 10
[2022-07-03 15:21:32,561] Driver instance name = firefoxdriver: firefox on windows (bc254f6e-bd2b-4718-a517-da13ca8f06d8)
